This is pdfTeX, Version 3.1415926-2.4-1.40.13 (TeX Live 2012/Debian) (format=pdflatex 2013.7.26)  9 OCT 2013 15:19
entering extended mode
 restricted \write18 enabled.
 %&-line parsing enabled.
**bibliography.tex
(./bibliography.tex
LaTeX2e <2011/06/27>
Babel <v3.8m> and hyphenation patterns for english, dumylang, nohyphenation, et
hiopic, farsi, arabic, pinyin, croatian, bulgarian, ukrainian, russian, slovak,
 czech, danish, dutch, usenglishmax, ukenglish, finnish, french, basque, ngerma
n, german, swissgerman, ngerman-x-2012-05-30, german-x-2012-05-30, monogreek, g
reek, ibycus, ancientgreek, hungarian, bengali, tamil, hindi, telugu, gujarati,
 sanskrit, malayalam, kannada, assamese, marathi, oriya, panjabi, italian, lati
n, latvian, lithuanian, mongolian, mongolianlmc, nynorsk, bokmal, indonesian, e
speranto, coptic, welsh, irish, interlingua, serbian, serbianc, slovenian, friu
lan, romansh, estonian, romanian, armenian, uppersorbian, turkish, afrikaans, i
celandic, kurmanji, polish, portuguese, galician, catalan, spanish, swedish, th
ai, loaded.

! LaTeX Error: The font size command \normalsize is not defined:
               there is probably something wrong with the class file.

See the LaTeX manual or LaTeX Companion for explanation.
Type  H <return>  for immediate help.
 ...                                              
                                                  
l.2 \normalsize
               
? 
! Undefined control sequence.
l.5 \small
          {
? 
\bibdata{main}
No file bibliography.bbl.
)
*
(Please type a command or say `\end')
*
(Please type a command or say `\end')
*\end

*end

! LaTeX Error: \begin{document} ended by \end{e}.

See the LaTeX manual or LaTeX Companion for explanation.
Type  H <return>  for immediate help.
 ...                                              
                                                  
<*> e
     nd
? 
! Interruption.
\GenericError  ...                                
                                                  \endgroup 
<*> e
     nd
? 
! Extra \endgroup.
<recently read> \endgroup 
                          
<*> e
     nd
? 
! Interruption.
\end ...ndafter \endgroup \if@endpe \@doendpe \fi 
                                                  \if@ignore \@ignorefalse \...
<*> e
     nd
? quit
OK, entering \batchmode...

! LaTeX Error: Missing \begin{document}.

See the LaTeX manual or LaTeX Companion for explanation.
Type  H <return>  for immediate help.
 ...                                              
                                                  
<*> en
      d
You're in trouble here.  Try typing  <return>  to proceed.
If that doesn't work, type  X <return>  to quit.

Missing character: There is no n in font nullfont!
Missing character: There is no d in font nullfont!
! Emergency stop.
<*> end
       
*** (job aborted, no legal \end found)

 
Here is how much of TeX's memory you used:
 6 strings out of 493485
 149 string characters out of 3143526
 47818 words of memory out of 3000000
 3413 multiletter control sequences out of 15000+200000
 3640 words of font info for 14 fonts, out of 3000000 for 9000
 957 hyphenation exceptions out of 8191
 7i,0n,6p,79b,17s stack positions out of 5000i,500n,10000p,200000b,50000s
!  ==> Fatal error occurred, no output PDF file produced!
